 (instructor_TupleType _ID__12121 _NAME__Einstein NULL_DEPT_NAME_1 40000.0)
 (instructor_TupleType _ID__22222 _NAME__Einstein _DEPT_uNAME__Finance (/ 50129851.0 500.0)))))
 (instructor_TupleType _ID__12121 _NAME__Einstein NULL_DEPT_NAME_1 40000.0)
 (instructor_TupleType _ID__10101 _NAME__Katz _DEPT_uNAME__Finance 62440.0)
 (instructor_TupleType _ID__12121 _NAME__Einstein NULL_DEPT_NAME_1 40000.0)))))))
 (department_TupleType _DEPT_uNAME__V11 _BUILDING__Taylor (/ 29311851.0 500.0))
 (department_TupleType _DEPT_uNAME__Music NULL_BUILDING_1 (/ 50129851.0 500.0)))))
 (department_TupleType _DEPT_uNAME__Physics _BUILDING__V7 (/ 284094513.0 5000.0))
 (department_TupleType _DEPT_uNAME__V8 _BUILDING__Watson (/ 25619351.0 500.0))))))
 (department_TupleType _DEPT_uNAME__Elec_d_ubEng_d _BUILDING__Taylor (/ 57079631.0 625.0))
 (department_TupleType _DEPT_uNAME__V10 _BUILDING__V5 (/ 25618851.0 500.0))
 (department_TupleType _DEPT_uNAME__Finance _BUILDING__Packard (/ 57080256.0 625.0))
 (department_TupleType _DEPT_uNAME__V9 _BUILDING__Taylor (/ 25619851.0 500.0))
 (department_TupleType _DEPT_uNAME__Comp_d_ubSci_d _BUILDING__Taylor (/ 284089513.0 5000.0))
 (department_TupleType _DEPT_uNAME__Biology _BUILDING__Taylor (/ 50129851.0 500.0))
 (department_TupleType _DEPT_uNAME__History _BUILDING__V6 93981.0)
 (section_TupleType _COURSE_uID__BIO_m301 _SEC_uID__2 _SEMESTER__Spring 2009 _BUILDING__Taylor _ROOM_uNUMBER__3128 _TIME_uSLOT_uID__B)
 (section_TupleType _COURSE_uID__FIN_m201 _SEC_uID__2 NULL_SEMESTER_1 2010 NULL_BUILDING_1 _ROOM_uNUMBER__120 _TIME_uSLOT_uID__B))))
 (section_TupleType _COURSE_uID__BIO_m301 _SEC_uID__1 _SEMESTER__Summer 2010 _BUILDING__Taylor _ROOM_uNUMBER__120 _TIME_uSLOT_uID__B)
 (section_TupleType _COURSE_uID__BIO_m301 _SEC_uID__2 _SEMESTER__Spring 2009 _BUILDING__Taylor _ROOM_uNUMBER__3128 _TIME_uSLOT_uID__B)))))
 (course_TupleType _COURSE_uID__BIO_m301 _TITLE__Music_ubVideo_ubProduction NULL_DEPT_NAME_1 3)
 (course_TupleType _COURSE_uID__CS_m347 _TITLE__Music_ubVideo_ubProduction _DEPT_uNAME__Finance 2010))))
 (course_TupleType _COURSE_uID__BIO_m301 _TITLE__Music_ubVideo_ubProduction NULL_DEPT_NAME_1 3)
 (course_TupleType _COURSE_uID__BIO_m301 _TITLE__Music_ubVideo_ubProduction NULL_DEPT_NAME_1 3)
 (course_TupleType _COURSE_uID__BIO_m301 _TITLE__Music_ubVideo_ubProduction NULL_DEPT_NAME_1 3)
 (course_TupleType _COURSE_uID__BIO_m301 _TITLE__Music_ubVideo_ubProduction NULL_DEPT_NAME_1 3)
 (course_TupleType _COURSE_uID__BIO_m301 _TITLE__Music_ubVideo_ubProduction NULL_DEPT_NAME_1 3))))))))
 (classroom_TupleType _BUILDING__Taylor _ROOM_uNUMBER__3128 170)
 (classroom_TupleType _BUILDING__Painter _ROOM_uNUMBER__120 2010))))
 (classroom_TupleType _BUILDING__Taylor _ROOM_uNUMBER__120 291)
 (classroom_TupleType _BUILDING__Taylor _ROOM_uNUMBER__3128 170)))))
 (teaches_TupleType _ID__12121 _COURSE_uID__BIO_m301 _SEC_uID__2 _SEMESTER__Spring 2009)
 (teaches_TupleType _ID__15151 _COURSE_uID__BIO_m301 _SEC_uID__2 NULL_SEMESTER_1 2010))))
 (teaches_TupleType _ID__10101 _COURSE_uID__BIO_m301 _SEC_uID__1 _SEMESTER__Summer 2010)
 (teaches_TupleType _ID__12121 _COURSE_uID__BIO_m301 _SEC_uID__2 _SEMESTER__Spring 2009))))))
